\BOOKMARK [1][-]{section.1}{\376\377\000I\000n\000t\000r\000o\000d\000u\000c\000t\000i\000o\000n}{}% 1
\BOOKMARK [1][-]{section.2}{\376\377\000N\000u\000m\000b\000e\000r\000s\000\040\000a\000n\000d\000\040\000F\000i\000e\000l\000d\000s}{}% 2
\BOOKMARK [2][-]{subsection.2.1}{\376\377\000S\000t\000r\000u\000c\000t\000u\000r\000e\000\040\000o\000f\000\040\000N\000u\000m\000b\000e\000r\000s\000\040\000S\000y\000s\000t\000e\000m\000s}{section.2}% 3
\BOOKMARK [3][-]{subsubsection.2.1.1}{\376\377\000H\000i\000s\000t\000o\000r\000i\000c\000a\000l\000\040\000D\000e\000v\000e\000l\000o\000p\000m\000e\000n\000t}{subsection.2.1}% 4
\BOOKMARK [3][-]{subsubsection.2.1.2}{\376\377\000P\000h\000i\000l\000o\000s\000o\000p\000h\000y\000\040\000o\000f\000\040\000N\000u\000m\000b\000e\000r\000s}{subsection.2.1}% 5
\BOOKMARK [3][-]{subsubsection.2.1.3}{\376\377\000F\000o\000r\000m\000a\000l\000i\000s\000m\000\040\000o\000f\000\040\000N\000u\000m\000b\000e\000r\000s}{subsection.2.1}% 6
\BOOKMARK [2][-]{subsection.2.2}{\376\377\000N\000a\000t\000u\000r\000a\000l\000\040\000N\000u\000m\000b\000e\000r\000s}{section.2}% 7
\BOOKMARK [3][-]{subsubsection.2.2.1}{\376\377\000T\000h\000e\000\040\000P\000e\000a\000n\000o\000\040\000A\000x\000i\000o\000m\000s}{subsection.2.2}% 8
\BOOKMARK [3][-]{subsubsection.2.2.2}{\376\377\000D\000e\000f\000i\000n\000i\000t\000i\000o\000n\000\040\000o\000f\000\040\000N\000a\000t\000u\000r\000a\000l\000\040\000N\000u\000m\000b\000e\000r\000s}{subsection.2.2}% 9
\BOOKMARK [3][-]{subsubsection.2.2.3}{\376\377\000A\000r\000i\000t\000h\000e\000m\000a\000t\000i\000c\000s\000\040\000o\000f\000\040\000N\000a\000t\000u\000r\000a\000l\000\040\000N\000u\000m\000b\000e\000r\000s}{subsection.2.2}% 10
\BOOKMARK [3][-]{subsubsection.2.2.4}{\376\377\000T\000h\000e\000\040\000D\000i\000v\000i\000s\000i\000o\000n\000\040\000A\000l\000g\000o\000r\000i\000t\000h\000m}{subsection.2.2}% 11
\BOOKMARK [3][-]{subsubsection.2.2.5}{\376\377\000C\000o\000m\000p\000l\000e\000t\000e\000\040\000I\000n\000d\000u\000c\000t\000i\000o\000n}{subsection.2.2}% 12
\BOOKMARK [3][-]{subsubsection.2.2.6}{\376\377\000R\000e\000c\000u\000r\000s\000i\000v\000e\000\040\000D\000e\000f\000i\000n\000i\000t\000i\000o\000n}{subsection.2.2}% 13
\BOOKMARK [2][-]{subsection.2.3}{\376\377\000I\000n\000t\000e\000g\000e\000r\000s\000\040\000a\000n\000d\000\040\000R\000a\000t\000i\000o\000n\000a\000l\000s}{section.2}% 14
\BOOKMARK [3][-]{subsubsection.2.3.1}{\376\377\000I\000n\000t\000e\000g\000e\000r\000s}{subsection.2.3}% 15
\BOOKMARK [3][-]{subsubsection.2.3.2}{\376\377\000R\000a\000t\000i\000o\000n\000a\000l\000\040\000N\000u\000m\000b\000e\000r\000s}{subsection.2.3}% 16
\BOOKMARK [3][-]{subsubsection.2.3.3}{\376\377\000R\000a\000t\000i\000o\000n\000a\000l\000\040\000Z\000e\000r\000o\000s\000\040\000o\000f\000\040\000P\000o\000l\000y\000n\000o\000m\000i\000a\000l\000s}{subsection.2.3}% 17
\BOOKMARK [3][-]{subsubsection.2.3.4}{\376\377\000A\000b\000s\000o\000l\000u\000t\000e\000\040\000V\000a\000l\000u\000e\000,\000\040\000E\000x\000p\000o\000n\000e\000n\000t\000i\000a\000l\000s\000,\000\040\000a\000n\000d\000\040\000S\000q\000u\000a\000r\000e\000\040\000r\000o\000o\000t\000s}{subsection.2.3}% 18
\BOOKMARK [3][-]{subsubsection.2.3.5}{\376\377\000G\000a\000p\000s\000\040\000i\000n\000\040\000R\000a\000t\000i\000o\000n\000a\000l\000\040\000N\000u\000m\000b\000e\000r\000s}{subsection.2.3}% 19
\BOOKMARK [2][-]{subsection.2.4}{\376\377\000T\000h\000e\000\040\000F\000i\000e\000l\000d\000\040\000A\000x\000i\000o\000m\000s}{section.2}% 20
\BOOKMARK [2][-]{subsection.2.5}{\376\377\000T\000h\000e\000\040\000R\000e\000a\000l\000\040\000F\000i\000e\000l\000d}{section.2}% 21
\BOOKMARK [3][-]{subsubsection.2.5.1}{\376\377\000O\000r\000d\000e\000r\000\040\000C\000o\000m\000p\000l\000e\000t\000e\000n\000e\000s\000s}{subsection.2.5}% 22
\BOOKMARK [3][-]{subsubsection.2.5.2}{\376\377\000D\000e\000d\000e\000k\000i\000n\000d\000\040\000C\000u\000t\000s}{subsection.2.5}% 23
\BOOKMARK [3][-]{subsubsection.2.5.3}{\376\377\000T\000h\000e\000\040\000N\000a\000t\000u\000r\000a\000l\000\040\000O\000r\000d\000e\000r\000\040\000o\000n\000\040\000R}{subsection.2.5}% 24
\BOOKMARK [3][-]{subsubsection.2.5.4}{\376\377\000T\000h\000e\000\040\000E\000x\000t\000e\000n\000d\000e\000d\000\040\000N\000u\000m\000b\000e\000r\000\040\000L\000i\000n\000e}{subsection.2.5}% 25
\BOOKMARK [3][-]{subsubsection.2.5.5}{\376\377\000A\000\040\000C\000h\000a\000r\000a\000c\000t\000e\000r\000i\000z\000a\000t\000i\000o\000n\000\040\000o\000f\000\040\000S\000u\000p\000r\000e\000m\000u\000m\000\040\000a\000n\000d\000\040\000I\000n\000f\000i\000m\000u\000m}{subsection.2.5}% 26
\BOOKMARK [3][-]{subsubsection.2.5.6}{\376\377\000T\000h\000e\000\040\000A\000r\000c\000h\000i\000m\000e\000d\000e\000a\000n\000\040\000P\000r\000o\000p\000e\000r\000t\000y}{subsection.2.5}% 27
\BOOKMARK [3][-]{subsubsection.2.5.7}{\376\377\000T\000h\000e\000\040\000D\000e\000n\000s\000i\000t\000y\000\040\000o\000f\000\040\000t\000h\000e\000\040\000R\000a\000t\000i\000o\000n\000a\000l\000\040\000N\000u\000m\000b\000e\000r\000s\000\040\000i\000n\000\040\000R}{subsection.2.5}% 28
\BOOKMARK [3][-]{subsubsection.2.5.8}{\376\377\000n\000t\000h\000\040\000R\000o\000o\000t\000s}{subsection.2.5}% 29
\BOOKMARK [2][-]{subsection.2.6}{\376\377\000T\000h\000e\000\040\000D\000e\000n\000s\000i\000t\000y\000\040\000o\000f\000\040\000t\000h\000e\000\040\000I\000r\000r\000a\000t\000i\000o\000n\000a\000l\000\040\000N\000u\000m\000b\000e\000r\000s\000\040\000i\000n\000\040\000R}{section.2}% 30
\BOOKMARK [3][-]{subsubsection.2.6.1}{\376\377\000I\000n\000t\000e\000r\000v\000a\000l\000s}{subsection.2.6}% 31
\BOOKMARK [2][-]{subsection.2.7}{\376\377\000T\000h\000e\000\040\000C\000o\000m\000p\000l\000e\000x\000\040\000F\000i\000e\000l\000d}{section.2}% 32
\BOOKMARK [2][-]{subsection.2.8}{\376\377\000B\000a\000l\000l\000s\000\040\000i\000n\000\040\000K}{section.2}% 33
\BOOKMARK [2][-]{subsection.2.9}{\376\377\000p\000-\000A\000d\000i\000c\000\040\000N\000u\000m\000b\000e\000r\000s\000*}{section.2}% 34
\BOOKMARK [1][-]{section.3}{\376\377\000F\000o\000u\000n\000d\000a\000t\000i\000o\000n\000s\000\040\000o\000f\000\040\000T\000o\000p\000o\000l\000o\000g\000y}{}% 35
\BOOKMARK [2][-]{subsection.3.1}{\376\377\000T\000o\000p\000o\000l\000o\000g\000i\000c\000a\000l\000\040\000S\000p\000a\000c\000e\000s}{section.3}% 36
\BOOKMARK [2][-]{subsection.3.2}{\376\377\000M\000e\000t\000r\000i\000c\000\040\000S\000p\000a\000c\000e}{section.3}% 37
\BOOKMARK [2][-]{subsection.3.3}{\376\377\000C\000o\000m\000p\000a\000c\000t\000n\000e\000s\000s}{section.3}% 38
\BOOKMARK [2][-]{subsection.3.4}{\376\377\000C\000o\000n\000n\000e\000c\000t\000i\000v\000i\000t\000y}{section.3}% 39
\BOOKMARK [2][-]{subsection.3.5}{\376\377\000T\000h\000e\000\040\000H\000a\000u\000s\000d\000o\000r\000f\000f\000\040\000C\000o\000n\000d\000i\000t\000i\000o\000n}{section.3}% 40
\BOOKMARK [1][-]{section.4}{\376\377\000S\000e\000q\000u\000e\000n\000c\000e}{}% 41
\BOOKMARK [2][-]{subsection.4.1}{\376\377\000C\000o\000n\000v\000e\000r\000g\000e\000n\000c\000e\000\040\000o\000f\000\040\000S\000e\000q\000u\000e\000n\000c\000e\000\040\000i\000n\000\040\000R\000\040\000a\000n\000d\000\040\000C}{section.4}% 42
\BOOKMARK [2][-]{subsection.4.2}{\376\377\000C\000a\000u\000c\000h\000y\000\040\000S\000e\000q\000u\000e\000n\000c\000e\000s}{section.4}% 43
\BOOKMARK [2][-]{subsection.4.3}{\376\377\000I\000n\000f\000i\000n\000i\000t\000e\000\040\000L\000i\000m\000i\000t\000s}{section.4}% 44
\BOOKMARK [2][-]{subsection.4.4}{\376\377\000C\000o\000m\000p\000l\000e\000t\000e\000n\000e\000s\000s}{section.4}% 45
\BOOKMARK [1][-]{section.5}{\376\377\000S\000e\000r\000i\000e\000s}{}% 46
\BOOKMARK [2][-]{subsection.5.1}{\376\377\000F\000i\000n\000i\000t\000e\000\040\000a\000n\000d\000\040\000I\000n\000f\000i\000n\000i\000t\000e\000\040\000S\000e\000r\000i\000e\000s}{section.5}% 47
\BOOKMARK [2][-]{subsection.5.2}{\376\377\000C\000a\000l\000c\000u\000l\000a\000t\000i\000o\000n\000s\000\040\000w\000i\000t\000h\000\040\000S\000e\000r\000i\000e\000s}{section.5}% 48
\BOOKMARK [2][-]{subsection.5.3}{\376\377\000M\000a\000j\000o\000r\000a\000n\000t\000,\000\040\000R\000o\000o\000t\000\040\000a\000n\000d\000\040\000R\000a\000t\000i\000o\000\040\000T\000e\000s\000t\000s}{section.5}% 49
\BOOKMARK [2][-]{subsection.5.4}{\376\377\000A\000b\000s\000o\000l\000u\000t\000e\000\040\000C\000o\000n\000v\000e\000r\000g\000e\000n\000c\000e}{section.5}% 50
\BOOKMARK [2][-]{subsection.5.5}{\376\377\000R\000e\000a\000r\000r\000a\000n\000g\000e\000m\000e\000n\000t\000\040\000o\000f\000\040\000S\000e\000r\000i\000e\000s}{section.5}% 51
\BOOKMARK [2][-]{subsection.5.6}{\376\377\000P\000o\000w\000e\000r\000\040\000S\000e\000r\000i\000e\000s}{section.5}% 52
\BOOKMARK [1][-]{section.6}{\376\377\000C\000o\000n\000t\000i\000n\000u\000o\000u\000s\000\040\000F\000u\000n\000c\000t\000i\000o\000n\000s}{}% 53
\BOOKMARK [2][-]{subsection.6.1}{\376\377\000L\000i\000m\000i\000t\000s\000\040\000a\000n\000d\000\040\000C\000o\000n\000t\000i\000n\000u\000i\000t\000y\000\040\000o\000f\000\040\000F\000u\000n\000c\000t\000i\000o\000n\000s\000\040\000i\000n\000\040\000R}{section.6}% 54
\BOOKMARK [2][-]{subsection.6.2}{\376\377\000C\000o\000m\000p\000a\000c\000t\000e\000d\000n\000e\000s\000s\000\040\000a\000n\000d\000\040\000C\000o\000n\000n\000e\000c\000t\000e\000d\000n\000e\000s\000s}{section.6}% 55
\BOOKMARK [2][-]{subsection.6.3}{\376\377\000M\000o\000n\000o\000t\000o\000n\000i\000c\000\040\000F\000u\000n\000c\000t\000i\000o\000n\000s}{section.6}% 56
\BOOKMARK [2][-]{subsection.6.4}{\376\377\000L\000i\000m\000i\000t\000s\000\040\000a\000t\000\040\000I\000n\000f\000i\000n\000i\000t\000y}{section.6}% 57
\BOOKMARK [2][-]{subsection.6.5}{\376\377\000E\000x\000p\000o\000n\000e\000n\000t\000i\000a\000l\000\040\000a\000n\000d\000\040\000R\000e\000l\000a\000t\000e\000d\000\040\000F\000u\000n\000c\000t\000i\000o\000n\000s\000\040\000i\000n\000\040\000R}{section.6}% 58
\BOOKMARK [2][-]{subsection.6.6}{\376\377\000C\000o\000m\000p\000l\000e\000x\000\040\000E\000x\000p\000o\000n\000e\000n\000t\000i\000a\000l\000,\000\040\000L\000o\000g\000a\000r\000i\000t\000h\000m\000s\000\040\000a\000n\000d\000\040\000P\000o\000w\000e\000r\000s}{section.6}% 59
\BOOKMARK [1][-]{section.7}{\376\377\000D\000i\000f\000f\000e\000r\000e\000n\000t\000i\000a\000t\000i\000o\000n\000\040\000i\000n\000\040\000O\000n\000e\000\040\000V\000a\000r\000i\000a\000b\000l\000e}{}% 60
\BOOKMARK [2][-]{subsection.7.1}{\376\377\000D\000i\000f\000f\000e\000r\000e\000n\000t\000i\000a\000b\000i\000l\000i\000t\000y}{section.7}% 61
\BOOKMARK [2][-]{subsection.7.2}{\376\377\000R\000u\000l\000e\000s\000\040\000f\000o\000r\000\040\000D\000i\000f\000f\000e\000r\000e\000n\000t\000i\000a\000t\000i\000o\000n}{section.7}% 62
\BOOKMARK [2][-]{subsection.7.3}{\376\377\000M\000e\000a\000n\000\040\000V\000a\000l\000u\000e\000\040\000T\000h\000e\000o\000r\000e\000m}{section.7}% 63
\BOOKMARK [2][-]{subsection.7.4}{\376\377\000T\000h\000e\000\040\000I\000n\000e\000q\000u\000a\000l\000i\000t\000i\000e\000s\000\040\000o\000f\000\040\000Y\000o\000u\000n\000g\000,\000\040\000H\000\366\000l\000d\000e\000r\000\040\000a\000n\000d\000\040\000M\000i\000n\000k\000o\000w\000s\000k\000i}{section.7}% 64
\BOOKMARK [2][-]{subsection.7.5}{\376\377\000L\000'\000H\000o\000s\000p\000i\000t\000a\000l\000'\000s\000\040\000R\000u\000l\000e}{section.7}% 65
\BOOKMARK [2][-]{subsection.7.6}{\376\377\000T\000a\000y\000l\000o\000r\000'\000s\000\040\000T\000h\000e\000o\000r\000e\000m}{section.7}% 66
\BOOKMARK [2][-]{subsection.7.7}{\376\377\000I\000t\000e\000r\000a\000t\000i\000v\000e\000\040\000P\000r\000o\000c\000e\000d\000u\000r\000e\000s}{section.7}% 67
\BOOKMARK [2][-]{subsection.7.8}{\376\377\000D\000i\000f\000f\000e\000r\000e\000n\000t\000i\000a\000t\000i\000o\000n\000\040\000o\000f\000\040\000V\000e\000c\000t\000o\000r\000-\000v\000a\000l\000u\000e\000d\000\040\000F\000u\000n\000c\000t\000i\000o\000n\000s}{section.7}% 68
\BOOKMARK [1][-]{section.8}{\376\377\000I\000n\000t\000e\000g\000r\000a\000t\000i\000o\000n\000\040\000i\000n\000\040\000O\000n\000e\000\040\000V\000a\000r\000i\000a\000b\000l\000e}{}% 69
\BOOKMARK [2][-]{subsection.8.1}{\376\377\000P\000i\000e\000c\000e\000w\000i\000s\000e\000\040\000C\000o\000n\000t\000i\000n\000u\000o\000u\000s\000\040\000F\000u\000n\000c\000t\000i\000o\000n}{section.8}% 70
\BOOKMARK [2][-]{subsection.8.2}{\376\377\000B\000a\000n\000a\000c\000h\000\040\000S\000p\000a\000c\000e\000\040\000o\000f\000\040\000P\000i\000e\000c\000e\000w\000i\000s\000e\000\040\000C\000o\000n\000t\000i\000n\000u\000o\000u\000s\000\040\000F\000u\000n\000c\000t\000i\000o\000n\000s}{section.8}% 71
\BOOKMARK [2][-]{subsection.8.3}{\376\377\000C\000o\000n\000t\000i\000n\000u\000o\000u\000s\000\040\000E\000x\000t\000e\000n\000s\000i\000o\000n\000s}{section.8}% 72
\BOOKMARK [2][-]{subsection.8.4}{\376\377\000T\000h\000e\000\040\000C\000a\000u\000c\000h\000y\000-\000R\000i\000e\000m\000a\000n\000n\000\040\000I\000n\000t\000e\000g\000r\000a\000l}{section.8}% 73
\BOOKMARK [2][-]{subsection.8.5}{\376\377\000T\000h\000e\000\040\000R\000i\000e\000m\000a\000n\000n\000\040\000S\000u\000m}{section.8}% 74
\BOOKMARK [2][-]{subsection.8.6}{\376\377\000P\000r\000o\000p\000e\000r\000t\000i\000e\000s\000\040\000o\000f\000\040\000I\000n\000t\000e\000g\000r\000a\000l}{section.8}% 75
\BOOKMARK [2][-]{subsection.8.7}{\376\377\000I\000n\000t\000e\000g\000r\000a\000t\000i\000o\000n\000\040\000T\000e\000c\000h\000n\000i\000q\000u\000e\000s}{section.8}% 76
\BOOKMARK [2][-]{subsection.8.8}{\376\377\000S\000u\000m\000s}{section.8}% 77
\BOOKMARK [2][-]{subsection.8.9}{\376\377\000T\000h\000e\000\040\000t\000w\000o\000\040\000F\000u\000n\000d\000a\000m\000e\000n\000t\000a\000l\000\040\000T\000h\000e\000o\000r\000e\000m\000\040\000o\000f\000\040\000C\000a\000l\000c\000u\000l\000u\000s}{section.8}% 78
\BOOKMARK [2][-]{subsection.8.10}{\376\377\000I\000n\000t\000e\000g\000r\000a\000t\000i\000o\000n\000\040\000o\000f\000\040\000V\000e\000c\000t\000o\000r\000-\000v\000a\000l\000u\000e\000d\000\040\000F\000u\000n\000c\000t\000i\000o\000n\000s}{section.8}% 79
\BOOKMARK [2][-]{subsection.8.11}{\376\377\000R\000e\000c\000t\000i\000f\000i\000a\000b\000l\000e\000\040\000C\000u\000r\000v\000e\000s}{section.8}% 80
\BOOKMARK [1][-]{section.9}{\376\377\000S\000e\000q\000u\000e\000n\000c\000e\000s\000\040\000a\000n\000d\000\040\000S\000e\000r\000i\000e\000s\000\040\000o\000f\000\040\000F\000u\000n\000c\000t\000i\000o\000n\000s}{}% 81
\BOOKMARK [2][-]{subsection.9.1}{\376\377\000U\000n\000i\000f\000o\000r\000m\000\040\000C\000o\000n\000v\000e\000r\000g\000e\000n\000c\000e}{section.9}% 82
\BOOKMARK [2][-]{subsection.9.2}{\376\377\000T\000h\000e\000\040\000W\000e\000i\000e\000r\000s\000t\000r\000a\000s\000s\000\040\000M\000a\000j\000o\000r\000a\000n\000t\000\040\000C\000r\000i\000t\000e\000r\000i\000o\000n}{section.9}% 83
\BOOKMARK [2][-]{subsection.9.3}{\376\377\000C\000o\000n\000t\000i\000n\000u\000i\000t\000y\000\040\000a\000n\000d\000\040\000D\000i\000f\000f\000e\000r\000e\000n\000t\000i\000a\000b\000i\000l\000i\000t\000y}{section.9}% 84
\BOOKMARK [2][-]{subsection.9.4}{\376\377\000A\000n\000a\000l\000y\000t\000i\000c\000\040\000F\000u\000n\000c\000t\000i\000o\000n\000s}{section.9}% 85
\BOOKMARK [2][-]{subsection.9.5}{\376\377\000T\000h\000e\000\040\000R\000i\000e\000m\000a\000n\000n\000\040\000z\000e\000t\000a\000-\000F\000u\000n\000c\000t\000i\000o\000n}{section.9}% 86
\BOOKMARK [2][-]{subsection.9.6}{\376\377\000B\000a\000n\000a\000c\000h\000\040\000A\000l\000g\000e\000b\000r\000a\000s}{section.9}% 87
\BOOKMARK [2][-]{subsection.9.7}{\376\377\000T\000h\000e\000\040\000S\000t\000o\000n\000e\000-\000W\000e\000i\000e\000r\000s\000t\000r\000a\000s\000s\000\040\000T\000h\000e\000o\000r\000e\000m}{section.9}% 88
\BOOKMARK [2][-]{subsection.9.8}{\376\377\000P\000o\000l\000y\000n\000o\000m\000i\000a\000l\000\040\000a\000n\000d\000\040\000T\000r\000i\000g\000o\000n\000o\000m\000e\000t\000r\000i\000c\000\040\000A\000p\000p\000r\000o\000x\000i\000m\000a\000t\000i\000o\000n\000s}{section.9}% 89
\BOOKMARK [1][-]{section.10}{\376\377\000F\000o\000u\000r\000i\000e\000r\000\040\000A\000n\000a\000l\000y\000s\000i\000s}{}% 90
\BOOKMARK [2][-]{subsection.10.1}{\376\377\000T\000h\000e\000\040\000L\0002\000-\000S\000c\000a\000l\000a\000r\000\040\000P\000r\000o\000d\000u\000c\000t}{section.10}% 91
\BOOKMARK [2][-]{subsection.10.2}{\376\377\000O\000r\000t\000h\000o\000n\000o\000r\000m\000a\000l\000\040\000S\000y\000s\000t\000e\000m\000s}{section.10}% 92
\BOOKMARK [2][-]{subsection.10.3}{\376\377\000P\000e\000r\000i\000o\000d\000i\000c\000\040\000F\000u\000n\000c\000t\000i\000o\000n\000s}{section.10}% 93
\BOOKMARK [2][-]{subsection.10.4}{\376\377\000F\000o\000u\000r\000i\000e\000r\000\040\000C\000o\000e\000f\000f\000i\000c\000i\000e\000n\000t\000s}{section.10}% 94
\BOOKMARK [2][-]{subsection.10.5}{\376\377\000F\000o\000u\000r\000i\000e\000r\000\040\000S\000e\000r\000i\000e\000s}{section.10}% 95
\BOOKMARK [2][-]{subsection.10.6}{\376\377\000T\000h\000e\000\040\000B\000e\000s\000s\000e\000l\000\040\000I\000n\000e\000q\000u\000a\000l\000i\000t\000y}{section.10}% 96
\BOOKMARK [2][-]{subsection.10.7}{\376\377\000C\000o\000m\000p\000l\000e\000t\000e\000\040\000O\000r\000t\000h\000o\000n\000o\000r\000m\000a\000l\000i\000t\000y}{section.10}% 97
\BOOKMARK [2][-]{subsection.10.8}{\376\377\000D\000i\000r\000a\000c\000\040\000d\000e\000l\000t\000a\000-\000F\000u\000n\000c\000t\000i\000o\000n}{section.10}% 98
\BOOKMARK [1][-]{section.11}{\376\377\000I\000m\000p\000r\000o\000p\000e\000r\000\040\000I\000n\000t\000e\000r\000a\000l\000s}{}% 99
\BOOKMARK [2][-]{subsection.11.1}{\376\377\000A\000b\000s\000o\000l\000u\000t\000e\000\040\000C\000o\000n\000v\000e\000r\000g\000e\000n\000c\000e\000\040\000I\000n\000t\000e\000g\000r\000a\000l}{section.11}% 100
\BOOKMARK [2][-]{subsection.11.2}{\376\377\000G\000a\000m\000m\000a\000\040\000F\000u\000n\000c\000t\000i\000o\000n}{section.11}% 101
\BOOKMARK [2][-]{subsection.11.3}{\376\377\000E\000u\000l\000e\000r\000\040\000b\000e\000t\000a\000-\000I\000n\000t\000e\000g\000r\000a\000l}{section.11}% 102
