\BOOKMARK [1][-]{section.1}{\376\377\000I\000n\000t\000r\000o\000d\000u\000c\000t\000i\000o\000n}{}% 1
\BOOKMARK [1][-]{section.2}{\376\377\000L\000o\000g\000i\000c}{}% 2
\BOOKMARK [2][-]{subsection.2.1}{\376\377\000W\000h\000e\000r\000e\000\040\000d\000o\000\040\000w\000e\000\040\000b\000e\000g\000i\000n\000?}{section.2}% 3
\BOOKMARK [3][-]{subsubsection.2.1.1}{\376\377\000E\000p\000i\000s\000t\000e\000m\000o\000l\000o\000g\000y\000\040\000a\000n\000d\000\040\000R\000e\000g\000r\000e\000s\000s\000\040\000A\000r\000g\000u\000m\000e\000n\000t\000*}{subsection.2.1}% 4
\BOOKMARK [3][-]{subsubsection.2.1.2}{\376\377\000W\000h\000a\000t\000\040\000i\000s\000\040\000M\000a\000t\000h\000e\000m\000a\000t\000i\000c\000a\000l\000\040\000L\000o\000g\000i\000c\000?}{subsection.2.1}% 5
\BOOKMARK [3][-]{subsubsection.2.1.3}{\376\377\000A\000x\000i\000o\000m\000\040\000S\000y\000s\000t\000e\000m}{subsection.2.1}% 6
\BOOKMARK [3][-]{subsubsection.2.1.4}{\376\377\000F\000o\000r\000m\000a\000l\000\040\000S\000y\000s\000t\000e\000m}{subsection.2.1}% 7
\BOOKMARK [2][-]{subsection.2.2}{\376\377\000P\000r\000o\000p\000o\000s\000i\000t\000i\000o\000n\000a\000l\000\040\000L\000o\000g\000i\000c}{section.2}% 8
\BOOKMARK [3][-]{subsubsection.2.2.1}{\376\377\000P\000r\000o\000p\000o\000s\000i\000t\000i\000o\000n}{subsection.2.2}% 9
\BOOKMARK [3][-]{subsubsection.2.2.2}{\376\377\000L\000o\000g\000i\000c\000a\000l\000\040\000C\000o\000n\000n\000e\000c\000t\000i\000v\000e\000s}{subsection.2.2}% 10
\BOOKMARK [3][-]{subsubsection.2.2.3}{\376\377\000P\000r\000e\000c\000e\000d\000e\000n\000c\000e\000\040\000o\000f\000\040\000L\000o\000g\000i\000c\000a\000l\000\040\000O\000p\000e\000r\000a\000t\000o\000r\000s}{subsection.2.2}% 11
\BOOKMARK [3][-]{subsubsection.2.2.4}{\376\377\000P\000r\000o\000p\000o\000s\000i\000t\000i\000o\000n\000a\000l\000\040\000E\000q\000u\000i\000v\000a\000l\000e\000n\000c\000e}{subsection.2.2}% 12
\BOOKMARK [3][-]{subsubsection.2.2.5}{\376\377\000L\000o\000g\000i\000c\000a\000l\000\040\000P\000u\000z\000z\000l\000e\000s\000!\000!}{subsection.2.2}% 13
\BOOKMARK [2][-]{subsection.2.3}{\376\377\000P\000r\000e\000d\000i\000c\000a\000t\000e\000\040\000L\000o\000g\000i\000c}{section.2}% 14
\BOOKMARK [3][-]{subsubsection.2.3.1}{\376\377\000V\000a\000r\000i\000a\000b\000l\000e\000s\000\040\000a\000n\000d\000\040\000Q\000u\000a\000n\000t\000i\000f\000i\000e\000r\000s}{subsection.2.3}% 15
\BOOKMARK [1][-]{section.3}{\376\377\000P\000r\000o\000o\000f\000s}{}% 16
\BOOKMARK [2][-]{subsection.3.1}{\376\377\000F\000o\000r\000m\000a\000l\000i\000s\000a\000t\000i\000o\000n\000\040\000a\000n\000d\000\040\000F\000o\000r\000m\000a\000l\000\040\000P\000r\000o\000o\000f\000s}{section.3}% 17
\BOOKMARK [2][-]{subsection.3.2}{\376\377\000I\000n\000f\000e\000r\000e\000n\000c\000e\000\040\000R\000u\000l\000e\000s}{section.3}% 18
\BOOKMARK [2][-]{subsection.3.3}{\376\377\000P\000r\000o\000o\000f\000\040\000T\000e\000c\000h\000n\000i\000q\000u\000e\000s}{section.3}% 19
\BOOKMARK [3][-]{subsubsection.3.3.1}{\376\377\000T\000r\000i\000v\000i\000a\000l\000\040\000a\000n\000d\000\040\000V\000a\000c\000u\000o\000u\000s\000\040\000P\000r\000o\000o\000f\000s}{subsection.3.3}% 20
\BOOKMARK [3][-]{subsubsection.3.3.2}{\376\377\000D\000i\000r\000e\000c\000t\000\040\000P\000r\000o\000o\000f}{subsection.3.3}% 21
\BOOKMARK [3][-]{subsubsection.3.3.3}{\376\377\000P\000r\000o\000o\000f\000\040\000b\000y\000\040\000C\000o\000n\000t\000r\000a\000p\000o\000s\000i\000t\000i\000o\000n}{subsection.3.3}% 22
\BOOKMARK [3][-]{subsubsection.3.3.4}{\376\377\000P\000r\000o\000o\000f\000\040\000b\000y\000\040\000C\000o\000n\000t\000r\000a\000d\000i\000c\000t\000i\000o\000n}{subsection.3.3}% 23
\BOOKMARK [3][-]{subsubsection.3.3.5}{\376\377\000P\000r\000o\000o\000f\000\040\000b\000y\000\040\000D\000i\000s\000t\000i\000n\000c\000t\000i\000o\000n\000\040\000o\000f\000\040\000C\000a\000s\000e\000s}{subsection.3.3}% 24
\BOOKMARK [3][-]{subsubsection.3.3.6}{\376\377\000P\000r\000o\000o\000f\000\040\000o\000f\000\040\000N\000e\000g\000a\000t\000i\000o\000n}{subsection.3.3}% 25
\BOOKMARK [3][-]{subsubsection.3.3.7}{\376\377\000P\000r\000o\000o\000f\000\040\000I\000n\000v\000o\000l\000v\000i\000n\000g\000\040\000Q\000u\000a\000n\000t\000i\000f\000i\000e\000r\000s}{subsection.3.3}% 26
\BOOKMARK [3][-]{subsubsection.3.3.8}{\376\377\000P\000r\000o\000o\000f\000\040\000o\000f\000\040\000C\000o\000n\000j\000u\000c\000t\000i\000o\000n\000\040\000a\000n\000d\000\040\000D\000i\000s\000j\000u\000n\000c\000t\000i\000o\000n}{subsection.3.3}% 27
\BOOKMARK [3][-]{subsubsection.3.3.9}{\376\377\000E\000x\000i\000s\000t\000e\000n\000c\000e\000\040\000a\000n\000d\000\040\000U\000n\000i\000q\000u\000n\000e\000s\000s\000\040\000P\000r\000o\000o\000f\000s}{subsection.3.3}% 28
\BOOKMARK [2][-]{subsection.3.4}{\376\377\000M\000a\000t\000h\000e\000m\000a\000t\000i\000c\000a\000l\000\040\000I\000n\000d\000u\000c\000t\000i\000o\000n}{section.3}% 29
\BOOKMARK [1][-]{section.4}{\376\377\000S\000e\000t\000\040\000T\000h\000e\000o\000r\000y}{}% 30
\BOOKMARK [2][-]{subsection.4.1}{\376\377\000F\000r\000o\000m\000\040\000C\000a\000n\000t\000o\000r\000\040\000t\000o\000\040\000Z\000e\000r\000m\000e\000l\000o}{section.4}% 31
\BOOKMARK [3][-]{subsubsection.4.1.1}{\376\377\000A\000x\000i\000o\000m\000\040\000o\000f\000\040\000E\000x\000t\000e\000n\000t\000i\000o\000n\000a\000l\000i\000t\000y}{subsection.4.1}% 32
\BOOKMARK [3][-]{subsubsection.4.1.2}{\376\377\000R\000u\000s\000s\000e\000l\000l\000'\000s\000\040\000P\000a\000r\000a\000d\000o\000x\000?\000!}{subsection.4.1}% 33
\BOOKMARK [3][-]{subsubsection.4.1.3}{\376\377\000S\000e\000p\000a\000r\000a\000t\000i\000o\000n\000\040\000P\000r\000i\000n\000c\000i\000p\000l\000e}{subsection.4.1}% 34
\BOOKMARK [3][-]{subsubsection.4.1.4}{\376\377\000M\000o\000r\000e\000\040\000P\000a\000r\000a\000d\000o\000x\000e\000s}{subsection.4.1}% 35
\BOOKMARK [2][-]{subsection.4.2}{\376\377\000A\000x\000i\000o\000m\000s\000\040\000o\000f\000\040\000S\000e\000t\000\040\000T\000h\000e\000o\000r\000y}{section.4}% 36
\BOOKMARK [3][-]{subsubsection.4.2.1}{\376\377\000E\000x\000t\000e\000n\000t\000i\000o\000n\000a\000l\000i\000t\000y\000\040\000a\000n\000d\000\040\000S\000e\000p\000a\000r\000a\000t\000i\000o\000n}{subsection.4.2}% 37
\BOOKMARK [3][-]{subsubsection.4.2.2}{\376\377\000O\000p\000e\000r\000a\000t\000i\000o\000n\000s\000\040\000o\000n\000\040\000S\000e\000t\000s}{subsection.4.2}% 38
\BOOKMARK [3][-]{subsubsection.4.2.3}{\376\377\000P\000a\000i\000r\000i\000n\000g\000\040\000A\000x\000i\000o\000m}{subsection.4.2}% 39
\BOOKMARK [3][-]{subsubsection.4.2.4}{\376\377\000D\000e\000f\000i\000n\000i\000t\000i\000o\000n\000\040\000b\000y\000\040\000A\000b\000s\000t\000r\000a\000c\000t\000i\000o\000n}{subsection.4.2}% 40
\BOOKMARK [3][-]{subsubsection.4.2.5}{\376\377\000S\000u\000m\000\040\000A\000x\000i\000o\000m}{subsection.4.2}% 41
\BOOKMARK [3][-]{subsubsection.4.2.6}{\376\377\000P\000o\000w\000e\000r\000\040\000S\000e\000t\000\040\000A\000x\000i\000o\000m}{subsection.4.2}% 42
\BOOKMARK [3][-]{subsubsection.4.2.7}{\376\377\000C\000a\000r\000t\000e\000s\000i\000a\000n\000\040\000P\000r\000o\000d\000u\000c\000t}{subsection.4.2}% 43
\BOOKMARK [3][-]{subsubsection.4.2.8}{\376\377\000A\000x\000i\000o\000m\000\040\000o\000f\000\040\000R\000e\000g\000u\000l\000a\000r\000i\000t\000y}{subsection.4.2}% 44
\BOOKMARK [2][-]{subsection.4.3}{\376\377\000C\000o\000u\000n\000t\000a\000b\000i\000l\000i\000t\000y}{section.4}% 45
\BOOKMARK [3][-]{subsubsection.4.3.1}{\376\377\000P\000e\000r\000m\000u\000t\000a\000t\000i\000o\000n\000s}{subsection.4.3}% 46
\BOOKMARK [3][-]{subsubsection.4.3.2}{\376\377\000E\000q\000u\000e\000n\000u\000m\000e\000r\000o\000u\000s\000\040\000S\000e\000t\000s}{subsection.4.3}% 47
\BOOKMARK [3][-]{subsubsection.4.3.3}{\376\377\000C\000o\000u\000n\000t\000a\000b\000l\000e\000\040\000S\000e\000t\000s}{subsection.4.3}% 48
\BOOKMARK [3][-]{subsubsection.4.3.4}{\376\377\000I\000n\000f\000i\000n\000i\000t\000e\000\040\000P\000r\000o\000d\000u\000c\000t\000s}{subsection.4.3}% 49
\BOOKMARK [3][-]{subsubsection.4.3.5}{\376\377\000U\000n\000c\000o\000u\000n\000t\000a\000b\000l\000e\000\040\000S\000e\000t\000s}{subsection.4.3}% 50
\BOOKMARK [2][-]{subsection.4.4}{\376\377\000A\000x\000i\000o\000m\000\040\000o\000f\000\040\000C\000h\000o\000i\000c\000e}{section.4}% 51
\BOOKMARK [1][-]{section.5}{\376\377\000R\000e\000l\000a\000t\000i\000o\000n\000\040\000a\000n\000d\000\040\000F\000u\000n\000c\000t\000i\000o\000n\000s}{}% 52
\BOOKMARK [2][-]{subsection.5.1}{\376\377\000R\000e\000l\000a\000t\000i\000o\000n\000s}{section.5}% 53
\BOOKMARK [2][-]{subsection.5.2}{\376\377\000E\000q\000u\000i\000v\000a\000l\000e\000n\000c\000e\000\040\000R\000e\000l\000a\000t\000i\000o\000n\000s}{section.5}% 54
\BOOKMARK [2][-]{subsection.5.3}{\376\377\000O\000r\000d\000e\000r\000\040\000R\000e\000l\000a\000t\000i\000o\000n}{section.5}% 55
\BOOKMARK [2][-]{subsection.5.4}{\376\377\000O\000p\000e\000r\000a\000t\000i\000o\000n\000s}{section.5}% 56
\BOOKMARK [2][-]{subsection.5.5}{\376\377\000F\000u\000n\000c\000t\000i\000o\000n\000s}{section.5}% 57
\BOOKMARK [2][-]{subsection.5.6}{\376\377\000C\000o\000m\000p\000o\000s\000i\000t\000i\000o\000n\000s\000\040\000a\000n\000d\000\040\000C\000o\000m\000m\000u\000t\000a\000t\000i\000v\000e\000\040\000D\000i\000a\000g\000r\000a\000m\000s}{section.5}% 58
\BOOKMARK [2][-]{subsection.5.7}{\376\377\000I\000n\000j\000e\000c\000t\000i\000o\000n\000s\000,\000\040\000S\000u\000r\000j\000e\000c\000t\000i\000o\000n\000s\000\040\000a\000n\000d\000\040\000B\000i\000j\000e\000c\000t\000i\000o\000n\000s}{section.5}% 59
\BOOKMARK [2][-]{subsection.5.8}{\376\377\000I\000n\000v\000e\000r\000s\000e\000\040\000F\000u\000n\000c\000t\000i\000o\000n\000s}{section.5}% 60
\BOOKMARK [2][-]{subsection.5.9}{\376\377\000S\000e\000t\000-\000V\000a\000l\000u\000e\000d\000\040\000F\000u\000n\000c\000t\000i\000o\000n\000s\000\040\000a\000n\000d\000\040\000F\000i\000b\000r\000e\000s}{section.5}% 61
\BOOKMARK [1][-]{section.6}{\376\377\000N\000u\000m\000b\000e\000r\000s}{}% 62
\BOOKMARK [2][-]{subsection.6.1}{\376\377\000S\000t\000r\000u\000c\000t\000u\000r\000e\000\040\000o\000f\000\040\000N\000u\000m\000b\000e\000r\000s\000\040\000S\000y\000s\000t\000e\000m\000s}{section.6}% 63
\BOOKMARK [3][-]{subsubsection.6.1.1}{\376\377\000H\000i\000s\000t\000o\000r\000i\000c\000a\000l\000\040\000D\000e\000v\000e\000l\000o\000p\000m\000e\000n\000t}{subsection.6.1}% 64
\BOOKMARK [3][-]{subsubsection.6.1.2}{\376\377\000P\000h\000i\000l\000o\000s\000o\000p\000h\000y\000\040\000o\000f\000\040\000N\000u\000m\000b\000e\000r\000s}{subsection.6.1}% 65
\BOOKMARK [3][-]{subsubsection.6.1.3}{\376\377\000F\000o\000r\000m\000a\000l\000i\000s\000m\000\040\000o\000f\000\040\000N\000u\000m\000b\000e\000r\000s}{subsection.6.1}% 66
\BOOKMARK [2][-]{subsection.6.2}{\376\377\000N\000a\000t\000u\000r\000a\000l\000\040\000N\000u\000m\000b\000e\000r\000s}{section.6}% 67
\BOOKMARK [3][-]{subsubsection.6.2.1}{\376\377\000T\000h\000e\000\040\000P\000e\000a\000n\000o\000\040\000A\000x\000i\000o\000m\000s}{subsection.6.2}% 68
\BOOKMARK [3][-]{subsubsection.6.2.2}{\376\377\000D\000e\000f\000i\000n\000i\000t\000i\000o\000n\000\040\000o\000f\000\040\000N\000a\000t\000u\000r\000a\000l\000\040\000N\000u\000m\000b\000e\000r\000s}{subsection.6.2}% 69
